2024-05-15 01:25:55 [restartedMain] INFO  c.e.a.AuthBackendApplication - Starting AuthBackendApplication using Java 17.0.11 with PID 76497 (/Users/somnathgiri/Desktop/MIS/auth-backend/target/classes started by somnathgiri in /Users/somnathgiri/Desktop/MIS/auth-backend)
2024-05-15 01:25:55 [restartedMain] INFO  c.e.a.AuthBackendApplication - No active profile set, falling back to 1 default profile: "default"
2024-05-15 01:25:55 [restartedMain] INFO  o.s.b.d.e.DevToolsPropertyDefaultsPostProcessor - Devtools property defaults active! Set 'spring.devtools.add-properties' to 'false' to disable
2024-05-15 01:25:55 [restartedMain] INFO  o.s.b.d.e.DevToolsPropertyDefaultsPostProcessor - For additional web related logging consider setting the 'logging.level.web' property to 'DEBUG'
2024-05-15 01:25:56 [restartedMain] INFO  o.s.d.r.c.RepositoryConfigurationDelegate - Bootstrapping Spring Data JPA repositories in DEFAULT mode.
2024-05-15 01:25:56 [restartedMain] INFO  o.s.d.r.c.RepositoryConfigurationDelegate - Finished Spring Data repository scanning in 19 ms. Found 1 JPA repository interface.
2024-05-15 01:25:56 [restartedMain] INFO  o.s.b.w.e.tomcat.TomcatWebServer - Tomcat initialized with port 8080 (http)
2024-05-15 01:25:56 [restartedMain] INFO  o.a.coyote.http11.Http11NioProtocol - Initializing ProtocolHandler ["http-nio-8080"]
2024-05-15 01:25:56 [restartedMain] INFO  o.a.catalina.core.StandardService - Starting service [Tomcat]
2024-05-15 01:25:56 [restartedMain] INFO  o.a.catalina.core.StandardEngine - Starting Servlet engine: [Apache Tomcat/10.1.20]
2024-05-15 01:25:56 [restartedMain] INFO  o.a.c.c.C.[Tomcat].[localhost].[/] - Initializing Spring embedded WebApplicationContext
2024-05-15 01:25:56 [restartedMain] INFO  o.s.b.w.s.c.ServletWebServerApplicationContext - Root WebApplicationContext: initialization completed in 540 ms
2024-05-15 01:25:56 [restartedMain] INFO  o.h.jpa.internal.util.LogHelper - HHH000204: Processing PersistenceUnitInfo [name: default]
2024-05-15 01:25:56 [restartedMain] INFO  org.hibernate.Version - HHH000412: Hibernate ORM core version 6.4.4.Final
2024-05-15 01:25:56 [restartedMain] INFO  o.h.c.i.RegionFactoryInitiator - HHH000026: Second-level cache disabled
2024-05-15 01:25:56 [restartedMain] INFO  o.s.o.j.p.SpringPersistenceUnitInfo - No LoadTimeWeaver setup: ignoring JPA class transformer
2024-05-15 01:25:56 [restartedMain] INFO  com.zaxxer.hikari.HikariDataSource - HikariPool-1 - Starting...
2024-05-15 01:25:56 [restartedMain] INFO  com.zaxxer.hikari.pool.HikariPool - HikariPool-1 - Added connection org.postgresql.jdbc.PgConnection@1dde28ca
2024-05-15 01:25:56 [restartedMain] INFO  com.zaxxer.hikari.HikariDataSource - HikariPool-1 - Start completed.
2024-05-15 01:25:56 [restartedMain] WARN  org.hibernate.orm.deprecation - HHH90000025: PostgreSQLDialect does not need to be specified explicitly using 'hibernate.dialect' (remove the property setting and it will be selected by default)
2024-05-15 01:25:57 [restartedMain] INFO  o.h.e.t.j.p.i.JtaPlatformInitiator - HHH000489: No JTA platform available (set 'hibernate.transaction.jta.platform' to enable JTA platform integration)
2024-05-15 01:25:57 [restartedMain] INFO  o.s.o.j.LocalContainerEntityManagerFactoryBean - Initialized JPA EntityManagerFactory for persistence unit 'default'
2024-05-15 01:25:57 [restartedMain] INFO  o.s.d.j.r.query.QueryEnhancerFactory - Hibernate is in classpath; If applicable, HQL parser will be used.
2024-05-15 01:25:57 [restartedMain] WARN  o.s.b.a.o.j.JpaBaseConfiguration$JpaWebConfiguration - spring.jpa.open-in-view is enabled by default. Therefore, database queries may be performed during view rendering. Explicitly configure spring.jpa.open-in-view to disable this warning
2024-05-15 01:25:57 [restartedMain] WARN  o.s.b.a.s.s.UserDetailsServiceAutoConfiguration - 

Using generated security password: 8e9f976a-dcda-42b8-9a34-e5a1fa805e92

This generated password is for development use only. Your security configuration must be updated before running your application in production.

2024-05-15 01:25:57 [restartedMain] INFO  o.s.s.web.DefaultSecurityFilterChain - Will secure any request with [org.springframework.security.web.session.DisableEncodeUrlFilter@5e9a88bb, org.springframework.security.web.context.request.async.WebAsyncManagerIntegrationFilter@53e0f5c4, org.springframework.security.web.context.SecurityContextHolderFilter@56bda8c, org.springframework.security.web.header.HeaderWriterFilter@37fa5225, org.springframework.web.filter.CorsFilter@79f8792, org.springframework.security.web.authentication.logout.LogoutFilter@5de88a9c, com.example.authbackend.components.JwtAuthenticationFilter@3c1b5647, org.springframework.security.web.savedrequest.RequestCacheAwareFilter@505da9f2, org.springframework.security.web.servletapi.SecurityContextHolderAwareRequestFilter@24a98938, org.springframework.security.web.authentication.AnonymousAuthenticationFilter@2c04b425, org.springframework.security.web.access.ExceptionTranslationFilter@5b2b405a, org.springframework.security.web.access.intercept.FilterSecurityInterceptor@54c76806]
2024-05-15 01:25:57 [restartedMain] INFO  o.s.b.d.a.OptionalLiveReloadServer - LiveReload server is running on port 35729
2024-05-15 01:25:57 [restartedMain] INFO  o.a.coyote.http11.Http11NioProtocol - Starting ProtocolHandler ["http-nio-8080"]
2024-05-15 01:25:57 [restartedMain] INFO  o.s.b.w.e.tomcat.TomcatWebServer - Tomcat started on port 8080 (http) with context path ''
2024-05-15 01:25:57 [restartedMain] INFO  c.e.a.AuthBackendApplication - Started AuthBackendApplication in 1.825 seconds (process running for 2.134)
2024-05-15 01:26:59 [SpringApplicationShutdownHook] INFO  o.s.o.j.LocalContainerEntityManagerFactoryBean - Closing JPA EntityManagerFactory for persistence unit 'default'
2024-05-15 01:26:59 [SpringApplicationShutdownHook] INFO  com.zaxxer.hikari.HikariDataSource - HikariPool-1 - Shutdown initiated...
2024-05-15 01:26:59 [SpringApplicationShutdownHook] INFO  com.zaxxer.hikari.HikariDataSource - HikariPool-1 - Shutdown completed.
